4gl.e
actionscript.e
ada.e
addons.e
altsetup.e
antlr.e
argument.e
asm.e
assocft.e
awk.e
bbedit.e
bbeditdef.e
box.e
briefdef.e
briefsch.e
briefutl.e
ch.e
cics.e
cleanup.e
cmmode.e
cobol.e
codewarrior.e
codewarriordef.e
codewrightdef.e
commondefs.e
defaults.e
draw.e
emacs.e
emacsdef.e
emulate.e
error.e
ex.e
fortran.e
gemacs.e
gnudef.e
guisetup.e
ispf.e
ispfdef.e
ispflc.e
ispfsrch.e
maketags.e
modula.e
msqbas.e
perl.e
pl1.e
plsql.e
poperror.e
postinstall.e
prefix.e
prg.e
pro.e
python.e
rexx.e
ruby.e
rul.e
sabl.e
sas.e
search.e
slickdef.e
sysobjs.e
sqlservr.e
tcl.e
updateobjs.e
vcpp.e
vbscript.e
vcppdef.e
verilog.e
vhdl.e
vi.e
vicmode.e
videf.e
viimode.e
vivmode.e
vlstcfg.e
vlstkeys.e
vlstobjs.e
vsnet.e
vsnetdef.e
vusrmods.e
windefs.e
xcode.e
xcodedef.e
xmlwrap.e
xmlwrapgui.e
